<?xml version="1.0" encoding="utf-8"?>
<coverage line-rate="1" branch-rate="0.9791" version="1.9" timestamp="1674152058" lines-covered="235" lines-valid="235" branches-covered="94" branches-valid="96">
  <sources>
    <source>C:\Users\santhosh.t_disprz\Desktop\CalendarApp\DisprzTraining\</source>
  </sources>
  <packages>
    <package name="DisprzTraining" line-rate="1" branch-rate="0.9791" complexity="123">
      <classes>
        <class name="Program" filename="Program.cs" line-rate="1" branch-rate="1" complexity="2">
          <methods>
            <method name="&lt;Main&gt;$" signature="(System.String[])" line-rate="1" branch-rate="1" complexity="2">
              <lines>
                <line number="6" hits="4" branch="False" />
                <line number="8" hits="4" branch="False" />
                <line number="9" hits="4" branch="False" />
                <line number="10" hits="4" branch="False" />
                <line number="11" hits="4" branch="False" />
                <line number="12" hits="4" branch="False" />
                <line number="13" hits="4" branch="False" />
                <line number="14" hits="8" branch="False" />
                <line number="18" hits="4" branch="False" />
                <line number="20" hits="4" branch="False" />
                <line number="21" hits="4" branch="False" />
                <line number="24" hits="4" branch="False" />
                <line number="26" hits="4" branch="False" />
                <line number="29" hits="4" branch="True" condition-coverage="100% (2/2)">
                  <conditions>
                    <condition number="124" type="jump" coverage="100%" />
                  </conditions>
                </line>
                <line number="30" hits="4" branch="False" />
                <line number="31" hits="4" branch="False" />
                <line number="32" hits="4" branch="False" />
                <line number="33" hits="4" branch="False" />
                <line number="34" hits="8" branch="False" />
                <line number="36" hits="4" branch="False" />
                <line number="38" hits="4" branch="False" />
                <line number="40" hits="4" branch="False" />
                <line number="42" hits="4" branch="False" />
              </lines>
            </method>
          </methods>
          <lines>
            <line number="6" hits="4" branch="False" />
            <line number="8" hits="4" branch="False" />
            <line number="9" hits="4" branch="False" />
            <line number="10" hits="4" branch="False" />
            <line number="11" hits="4" branch="False" />
            <line number="12" hits="4" branch="False" />
            <line number="13" hits="4" branch="False" />
            <line number="14" hits="8" branch="False" />
            <line number="18" hits="4" branch="False" />
            <line number="20" hits="4" branch="False" />
            <line number="21" hits="4" branch="False" />
            <line number="24" hits="4" branch="False" />
            <line number="26" hits="4" branch="False" />
            <line number="29" hits="4" branch="True" condition-coverage="100% (2/2)">
              <conditions>
                <condition number="124" type="jump" coverage="100%" />
              </conditions>
            </line>
            <line number="30" hits="4" branch="False" />
            <line number="31" hits="4" branch="False" />
            <line number="32" hits="4" branch="False" />
            <line number="33" hits="4" branch="False" />
            <line number="34" hits="8" branch="False" />
            <line number="36" hits="4" branch="False" />
            <line number="38" hits="4" branch="False" />
            <line number="40" hits="4" branch="False" />
            <line number="42" hits="4" branch="False" />
          </lines>
        </class>
        <class name="Appointments.Appointment" filename="Models\Appointment.cs" line-rate="1" branch-rate="1" complexity="8">
          <methods>
            <method name="get_Id" signature="()" line-rate="1" branch-rate="1" complexity="1">
              <lines>
                <line number="8" hits="60" branch="False" />
              </lines>
            </method>
            <method name="get_Title" signature="()" line-rate="1" branch-rate="1" complexity="1">
              <lines>
                <line number="10" hits="50" branch="False" />
              </lines>
            </method>
            <method name="get_StartTime" signature="()" line-rate="1" branch-rate="1" complexity="1">
              <lines>
                <line number="12" hits="86" branch="False" />
              </lines>
            </method>
            <method name="get_EndTime" signature="()" line-rate="1" branch-rate="1" complexity="1">
              <lines>
                <line number="14" hits="66" branch="False" />
              </lines>
            </method>
            <method name="get_Description" signature="()" line-rate="1" branch-rate="1" complexity="1">
              <lines>
                <line number="16" hits="38" branch="False" />
              </lines>
            </method>
            <method name="get_CreatedBy" signature="()" line-rate="1" branch-rate="1" complexity="1">
              <lines>
                <line number="17" hits="12" branch="False" />
              </lines>
            </method>
            <method name="get_GuestsList" signature="()" line-rate="1" branch-rate="1" complexity="1">
              <lines>
                <line number="18" hits="12" branch="False" />
              </lines>
            </method>
            <method name="get_Location" signature="()" line-rate="1" branch-rate="1" complexity="1">
              <lines>
                <line number="19" hits="12" branch="False" />
              </lines>
            </method>
          </methods>
          <lines>
            <line number="8" hits="60" branch="False" />
            <line number="10" hits="50" branch="False" />
            <line number="12" hits="86" branch="False" />
            <line number="14" hits="66" branch="False" />
            <line number="16" hits="38" branch="False" />
            <line number="17" hits="12" branch="False" />
            <line number="18" hits="12" branch="False" />
            <line number="19" hits="12" branch="False" />
          </lines>
        </class>
        <class name="DisprzTraining.Utils.ConfigureDependenciesExtension" filename="Utils\ConfigureDependenciesExtension.cs" line-rate="1" branch-rate="1" complexity="1">
          <methods>
            <method name="ConfigureDependencyInjections" signature="(Microsoft.Extensions.DependencyInjection.IServiceCollection)" line-rate="1" branch-rate="1" complexity="1">
              <lines>
                <line number="13" hits="4" branch="False" />
                <line number="14" hits="4" branch="False" />
                <line number="16" hits="4" branch="False" />
                <line number="17" hits="4" branch="False" />
                <line number="18" hits="4" branch="False" />
                <line number="19" hits="4" branch="False" />
              </lines>
            </method>
          </methods>
          <lines>
            <line number="13" hits="4" branch="False" />
            <line number="14" hits="4" branch="False" />
            <line number="16" hits="4" branch="False" />
            <line number="17" hits="4" branch="False" />
            <line number="18" hits="4" branch="False" />
            <line number="19" hits="4" branch="False" />
          </lines>
        </class>
        <class name="DisprzTraining.Models.AddAppointment" filename="Models\AddAppointment.cs" line-rate="1" branch-rate="1" complexity="7">
          <methods>
            <method name="get_Title" signature="()" line-rate="1" branch-rate="1" complexity="1">
              <lines>
                <line number="12" hits="48" branch="False" />
              </lines>
            </method>
            <method name="get_StartTime" signature="()" line-rate="1" branch-rate="1" complexity="1">
              <lines>
                <line number="14" hits="112" branch="False" />
              </lines>
            </method>
            <method name="get_EndTime" signature="()" line-rate="1" branch-rate="1" complexity="1">
              <lines>
                <line number="16" hits="101" branch="False" />
              </lines>
            </method>
            <method name="get_Description" signature="()" line-rate="1" branch-rate="1" complexity="1">
              <lines>
                <line number="18" hits="47" branch="False" />
              </lines>
            </method>
            <method name="get_CreatedBy" signature="()" line-rate="1" branch-rate="1" complexity="1">
              <lines>
                <line number="19" hits="8" branch="False" />
              </lines>
            </method>
            <method name="get_GuestsList" signature="()" line-rate="1" branch-rate="1" complexity="1">
              <lines>
                <line number="20" hits="8" branch="False" />
              </lines>
            </method>
            <method name="get_Location" signature="()" line-rate="1" branch-rate="1" complexity="1">
              <lines>
                <line number="21" hits="8" branch="False" />
              </lines>
            </method>
          </methods>
          <lines>
            <line number="12" hits="48" branch="False" />
            <line number="14" hits="112" branch="False" />
            <line number="16" hits="101" branch="False" />
            <line number="18" hits="47" branch="False" />
            <line number="19" hits="8" branch="False" />
            <line number="20" hits="8" branch="False" />
            <line number="21" hits="8" branch="False" />
          </lines>
        </class>
        <class name="DisprzTraining.Models.ErrorResponse" filename="Models\ErrorResponse.cs" line-rate="1" branch-rate="1" complexity="2">
          <methods>
            <method name="get_StatusCode" signature="()" line-rate="1" branch-rate="1" complexity="1">
              <lines>
                <line number="10" hits="48" branch="False" />
              </lines>
            </method>
            <method name="get_ErrorMessage" signature="()" line-rate="1" branch-rate="1" complexity="1">
              <lines>
                <line number="11" hits="48" branch="False" />
              </lines>
            </method>
          </methods>
          <lines>
            <line number="10" hits="48" branch="False" />
            <line number="11" hits="48" branch="False" />
          </lines>
        </class>
        <class name="DisprzTraining.Data.AppointmentsStore" filename="Data\AppointmentsStore.cs" line-rate="1" branch-rate="1" complexity="1">
          <methods>
            <method name=".cctor" signature="()" line-rate="1" branch-rate="1" complexity="1">
              <lines>
                <line number="12" hits="1" branch="False" />
                <line number="13" hits="1" branch="False" />
              </lines>
            </method>
          </methods>
          <lines>
            <line number="12" hits="1" branch="False" />
            <line number="13" hits="1" branch="False" />
          </lines>
        </class>
        <class name="DisprzTraining.DataAccess.AppointmentsDAL" filename="DataAccess\AppointmentsDAL.cs" line-rate="1" branch-rate="1" complexity="11">
          <methods>
            <method name="GetAllAppointments" signature="()" line-rate="1" branch-rate="1" complexity="1">
              <lines>
                <line number="14" hits="4" branch="False" />
                <line number="15" hits="4" branch="False" />
                <line number="16" hits="4" branch="False" />
              </lines>
            </method>
            <method name="GetAppointments" signature="(System.Nullable`1&lt;System.DateTime&gt;,System.Nullable`1&lt;System.DateTime&gt;)" line-rate="1" branch-rate="1" complexity="6">
              <lines>
                <line number="19" hits="5" branch="False" />
                <line number="20" hits="20" branch="True" condition-coverage="100% (6/6)">
                  <conditions>
                    <condition number="29" type="jump" coverage="100%" />
                    <condition number="53" type="jump" coverage="100%" />
                    <condition number="84" type="jump" coverage="100%" />
                  </conditions>
                </line>
                <line number="21" hits="5" branch="False" />
              </lines>
            </method>
            <method name="GetAppointmentById" signature="(System.Guid)" line-rate="1" branch-rate="1" complexity="1">
              <lines>
                <line number="23" hits="2" branch="False" />
                <line number="24" hits="6" branch="False" />
                <line number="25" hits="2" branch="False" />
              </lines>
            </method>
            <method name="CreateAppointment" signature="(DisprzTraining.Models.AddAppointment)" line-rate="1" branch-rate="1" complexity="1">
              <lines>
                <line number="28" hits="2" branch="False" />
                <line number="29" hits="2" branch="False" />
                <line number="30" hits="2" branch="False" />
                <line number="31" hits="2" branch="False" />
                <line number="32" hits="2" branch="False" />
                <line number="33" hits="2" branch="False" />
                <line number="34" hits="2" branch="False" />
                <line number="35" hits="2" branch="False" />
                <line number="36" hits="2" branch="False" />
                <line number="37" hits="2" branch="False" />
                <line number="38" hits="2" branch="False" />
                <line number="39" hits="2" branch="False" />
                <line number="40" hits="2" branch="False" />
                <line number="41" hits="2" branch="False" />
                <line number="43" hits="2" branch="False" />
              </lines>
            </method>
            <method name="DeleteAppointment" signature="(Appointments.Appointment)" line-rate="1" branch-rate="1" complexity="1">
              <lines>
                <line number="45" hits="2" branch="False" />
                <line number="46" hits="2" branch="False" />
                <line number="47" hits="2" branch="False" />
                <line number="48" hits="2" branch="False" />
              </lines>
            </method>
            <method name="UpdateAppointment" signature="(Appointments.Appointment,DisprzTraining.Models.AddAppointment)" line-rate="1" branch-rate="1" complexity="1">
              <lines>
                <line number="50" hits="2" branch="False" />
                <line number="51" hits="2" branch="False" />
                <line number="52" hits="2" branch="False" />
                <line number="53" hits="2" branch="False" />
                <line number="54" hits="2" branch="False" />
                <line number="55" hits="2" branch="False" />
                <line number="56" hits="2" branch="False" />
                <line number="57" hits="2" branch="False" />
                <line number="58" hits="2" branch="False" />
                <line number="59" hits="2" branch="False" />
              </lines>
            </method>
          </methods>
          <lines>
            <line number="14" hits="4" branch="False" />
            <line number="15" hits="4" branch="False" />
            <line number="16" hits="4" branch="False" />
            <line number="19" hits="5" branch="False" />
            <line number="20" hits="20" branch="True" condition-coverage="100% (6/6)">
              <conditions>
                <condition number="29" type="jump" coverage="100%" />
                <condition number="53" type="jump" coverage="100%" />
                <condition number="84" type="jump" coverage="100%" />
              </conditions>
            </line>
            <line number="21" hits="5" branch="False" />
            <line number="23" hits="2" branch="False" />
            <line number="24" hits="6" branch="False" />
            <line number="25" hits="2" branch="False" />
            <line number="28" hits="2" branch="False" />
            <line number="29" hits="2" branch="False" />
            <line number="30" hits="2" branch="False" />
            <line number="31" hits="2" branch="False" />
            <line number="32" hits="2" branch="False" />
            <line number="33" hits="2" branch="False" />
            <line number="34" hits="2" branch="False" />
            <line number="35" hits="2" branch="False" />
            <line number="36" hits="2" branch="False" />
            <line number="37" hits="2" branch="False" />
            <line number="38" hits="2" branch="False" />
            <line number="39" hits="2" branch="False" />
            <line number="40" hits="2" branch="False" />
            <line number="41" hits="2" branch="False" />
            <line number="43" hits="2" branch="False" />
            <line number="45" hits="2" branch="False" />
            <line number="46" hits="2" branch="False" />
            <line number="47" hits="2" branch="False" />
            <line number="48" hits="2" branch="False" />
            <line number="50" hits="2" branch="False" />
            <line number="51" hits="2" branch="False" />
            <line number="52" hits="2" branch="False" />
            <line number="53" hits="2" branch="False" />
            <line number="54" hits="2" branch="False" />
            <line number="55" hits="2" branch="False" />
            <line number="56" hits="2" branch="False" />
            <line number="57" hits="2" branch="False" />
            <line number="58" hits="2" branch="False" />
            <line number="59" hits="2" branch="False" />
          </lines>
        </class>
        <class name="DisprzTraining.Controllers.AppointmentsController" filename="Controllers\AppointmentsController.cs" line-rate="1" branch-rate="1" complexity="10">
          <methods>
            <method name="GetAppointments" signature="(System.Nullable`1&lt;System.DateTime&gt;,System.Nullable`1&lt;System.DateTime&gt;,System.Int32)" line-rate="1" branch-rate="1" complexity="1">
              <lines>
                <line number="29" hits="6" branch="False" />
                <line number="31" hits="6" branch="False" />
                <line number="32" hits="6" branch="False" />
                <line number="33" hits="3" branch="False" />
                <line number="35" hits="3" branch="False" />
                <line number="36" hits="3" branch="False" />
                <line number="37" hits="3" branch="False" />
                <line number="39" hits="6" branch="False" />
              </lines>
            </method>
            <method name="CreateAppointment" signature="(DisprzTraining.Models.AddAppointment)" line-rate="1" branch-rate="1" complexity="2">
              <lines>
                <line number="47" hits="6" branch="False" />
                <line number="49" hits="6" branch="False" />
                <line number="50" hits="6" branch="False" />
                <line number="51" hits="6" branch="True" condition-coverage="100% (2/2)">
                  <conditions>
                    <condition number="21" type="jump" coverage="100%" />
                  </conditions>
                </line>
                <line number="52" hits="5" branch="False" />
                <line number="53" hits="5" branch="False" />
                <line number="54" hits="2" branch="False" />
                <line number="56" hits="1" branch="False" />
                <line number="58" hits="3" branch="False" />
                <line number="59" hits="3" branch="False" />
                <line number="60" hits="3" branch="False" />
                <line number="62" hits="6" branch="False" />
              </lines>
            </method>
            <method name="DeleteAppointment" signature="(System.Guid)" line-rate="1" branch-rate="1" complexity="2">
              <lines>
                <line number="69" hits="4" branch="False" />
                <line number="71" hits="4" branch="False" />
                <line number="72" hits="4" branch="False" />
                <line number="73" hits="3" branch="True" condition-coverage="100% (2/2)">
                  <conditions>
                    <condition number="18" type="jump" coverage="100%" />
                  </conditions>
                </line>
                <line number="74" hits="2" branch="False" />
                <line number="75" hits="2" branch="False" />
                <line number="77" hits="1" branch="False" />
                <line number="79" hits="1" branch="False" />
                <line number="80" hits="1" branch="False" />
                <line number="81" hits="1" branch="False" />
                <line number="84" hits="4" branch="False" />
              </lines>
            </method>
            <method name="UpdateAppointment" signature="(System.Guid,DisprzTraining.Models.AddAppointment)" line-rate="1" branch-rate="1" complexity="4">
              <lines>
                <line number="92" hits="8" branch="False" />
                <line number="94" hits="8" branch="False" />
                <line number="95" hits="8" branch="False" />
                <line number="96" hits="8" branch="False" />
                <line number="97" hits="4" branch="True" condition-coverage="100% (2/2)">
                  <conditions>
                    <condition number="36" type="jump" coverage="100%" />
                  </conditions>
                </line>
                <line number="98" hits="1" branch="False" />
                <line number="99" hits="1" branch="False" />
                <line number="101" hits="3" branch="True" condition-coverage="100% (2/2)">
                  <conditions>
                    <condition number="84" type="jump" coverage="100%" />
                  </conditions>
                </line>
                <line number="102" hits="1" branch="False" />
                <line number="103" hits="1" branch="False" />
                <line number="105" hits="2" branch="False" />
                <line number="108" hits="4" branch="False" />
                <line number="109" hits="4" branch="False" />
                <line number="110" hits="4" branch="False" />
                <line number="112" hits="8" branch="False" />
              </lines>
            </method>
            <method name=".ctor" signature="(DisprzTraining.Business.IAppointmentsBL)" line-rate="1" branch-rate="1" complexity="1">
              <lines>
                <line number="19" hits="24" branch="False" />
                <line number="20" hits="24" branch="False" />
                <line number="21" hits="24" branch="False" />
                <line number="22" hits="24" branch="False" />
              </lines>
            </method>
          </methods>
          <lines>
            <line number="29" hits="6" branch="False" />
            <line number="31" hits="6" branch="False" />
            <line number="32" hits="6" branch="False" />
            <line number="33" hits="3" branch="False" />
            <line number="35" hits="3" branch="False" />
            <line number="36" hits="3" branch="False" />
            <line number="37" hits="3" branch="False" />
            <line number="39" hits="6" branch="False" />
            <line number="47" hits="6" branch="False" />
            <line number="49" hits="6" branch="False" />
            <line number="50" hits="6" branch="False" />
            <line number="51" hits="6" branch="True" condition-coverage="100% (2/2)">
              <conditions>
                <condition number="21" type="jump" coverage="100%" />
              </conditions>
            </line>
            <line number="52" hits="5" branch="False" />
            <line number="53" hits="5" branch="False" />
            <line number="54" hits="2" branch="False" />
            <line number="56" hits="1" branch="False" />
            <line number="58" hits="3" branch="False" />
            <line number="59" hits="3" branch="False" />
            <line number="60" hits="3" branch="False" />
            <line number="62" hits="6" branch="False" />
            <line number="69" hits="4" branch="False" />
            <line number="71" hits="4" branch="False" />
            <line number="72" hits="4" branch="False" />
            <line number="73" hits="3" branch="True" condition-coverage="100% (2/2)">
              <conditions>
                <condition number="18" type="jump" coverage="100%" />
              </conditions>
            </line>
            <line number="74" hits="2" branch="False" />
            <line number="75" hits="2" branch="False" />
            <line number="77" hits="1" branch="False" />
            <line number="79" hits="1" branch="False" />
            <line number="80" hits="1" branch="False" />
            <line number="81" hits="1" branch="False" />
            <line number="84" hits="4" branch="False" />
            <line number="92" hits="8" branch="False" />
            <line number="94" hits="8" branch="False" />
            <line number="95" hits="8" branch="False" />
            <line number="96" hits="8" branch="False" />
            <line number="97" hits="4" branch="True" condition-coverage="100% (2/2)">
              <conditions>
                <condition number="36" type="jump" coverage="100%" />
              </conditions>
            </line>
            <line number="98" hits="1" branch="False" />
            <line number="99" hits="1" branch="False" />
            <line number="101" hits="3" branch="True" condition-coverage="100% (2/2)">
              <conditions>
                <condition number="84" type="jump" coverage="100%" />
              </conditions>
            </line>
            <line number="102" hits="1" branch="False" />
            <line number="103" hits="1" branch="False" />
            <line number="105" hits="2" branch="False" />
            <line number="108" hits="4" branch="False" />
            <line number="109" hits="4" branch="False" />
            <line number="110" hits="4" branch="False" />
            <line number="112" hits="8" branch="False" />
            <line number="19" hits="24" branch="False" />
            <line number="20" hits="24" branch="False" />
            <line number="21" hits="24" branch="False" />
            <line number="22" hits="24" branch="False" />
          </lines>
        </class>
        <class name="DisprzTraining.Business.AppointmentsBL" filename="Business\AppointmentsBL.cs" line-rate="1" branch-rate="0.975" complexity="81">
          <methods>
            <method name="ConvertToLocalTime" signature="(System.Collections.Generic.List`1&lt;Appointments.Appointment&gt;,System.Int32)" line-rate="1" branch-rate="1" complexity="2">
              <lines>
                <line number="21" hits="4" branch="False" />
                <line number="22" hits="4" branch="False" />
                <line number="23" hits="16" branch="True" condition-coverage="100% (2/2)">
                  <conditions>
                    <condition number="207" type="jump" coverage="100%" />
                  </conditions>
                </line>
                <line number="24" hits="2" branch="False" />
                <line number="25" hits="2" branch="False" />
                <line number="26" hits="2" branch="False" />
                <line number="27" hits="2" branch="False" />
                <line number="28" hits="2" branch="False" />
                <line number="29" hits="2" branch="False" />
                <line number="30" hits="2" branch="False" />
                <line number="31" hits="2" branch="False" />
                <line number="32" hits="2" branch="False" />
                <line number="33" hits="2" branch="False" />
                <line number="34" hits="2" branch="False" />
                <line number="36" hits="2" branch="False" />
                <line number="37" hits="4" branch="False" />
                <line number="38" hits="4" branch="False" />
              </lines>
            </method>
            <method name="GetAppointments" signature="(System.Nullable`1&lt;System.DateTime&gt;,System.Nullable`1&lt;System.DateTime&gt;,System.Int32)" line-rate="1" branch-rate="1" complexity="10">
              <lines>
                <line number="41" hits="8" branch="False" />
                <line number="43" hits="9" branch="True" condition-coverage="100% (4/4)">
                  <conditions>
                    <condition number="21" type="jump" coverage="100%" />
                    <condition number="47" type="jump" coverage="100%" />
                  </conditions>
                </line>
                <line number="45" hits="10" branch="True" condition-coverage="100% (4/4)">
                  <conditions>
                    <condition number="67" type="jump" coverage="100%" />
                    <condition number="86" type="jump" coverage="100%" />
                  </conditions>
                </line>
                <line number="46" hits="5" branch="True" condition-coverage="100% (2/2)">
                  <conditions>
                    <condition number="122" type="jump" coverage="100%" />
                  </conditions>
                </line>
                <line number="48" hits="3" branch="False" />
                <line number="49" hits="3" branch="False" />
                <line number="50" hits="3" branch="False" />
                <line number="51" hits="3" branch="False" />
              </lines>
            </method>
            <method name="AppointmentConflictCheck" signature="(DisprzTraining.Models.AddAppointment)" line-rate="1" branch-rate="1" complexity="12">
              <lines>
                <line number="54" hits="6" branch="False" />
                <line number="55" hits="6" branch="False" />
                <line number="57" hits="6" branch="False" />
                <line number="58" hits="6" branch="True" condition-coverage="100% (2/2)">
                  <conditions>
                    <condition number="23" type="jump" coverage="100%" />
                  </conditions>
                </line>
                <line number="59" hits="6" branch="False" />
                <line number="60" hits="36" branch="True" condition-coverage="100% (2/2)">
                  <conditions>
                    <condition number="187" type="jump" coverage="100%" />
                  </conditions>
                </line>
                <line number="61" hits="9" branch="False" />
                <line number="62" hits="9" branch="True" condition-coverage="100% (8/8)">
                  <conditions>
                    <condition number="84" type="jump" coverage="100%" />
                    <condition number="108" type="jump" coverage="100%" />
                    <condition number="142" type="jump" coverage="100%" />
                    <condition number="173" type="jump" coverage="100%" />
                  </conditions>
                </line>
                <line number="63" hits="1" branch="False" />
                <line number="64" hits="1" branch="False" />
                <line number="65" hits="1" branch="False" />
                <line number="66" hits="9" branch="False" />
                <line number="67" hits="6" branch="False" />
                <line number="69" hits="6" branch="False" />
                <line number="70" hits="6" branch="False" />
              </lines>
            </method>
            <method name="CreateAppointment" signature="(DisprzTraining.Models.AddAppointment)" line-rate="1" branch-rate="1" complexity="14">
              <lines>
                <line number="72" hits="8" branch="False" />
                <line number="73" hits="8" branch="False" />
                <line number="75" hits="9" branch="True" condition-coverage="100% (4/4)">
                  <conditions>
                    <condition number="36" type="jump" coverage="100%" />
                    <condition number="62" type="jump" coverage="100%" />
                  </conditions>
                </line>
                <line number="76" hits="8" branch="True" condition-coverage="100% (4/4)">
                  <conditions>
                    <condition number="92" type="jump" coverage="100%" />
                    <condition number="115" type="jump" coverage="100%" />
                  </conditions>
                </line>
                <line number="77" hits="9" branch="True" condition-coverage="100% (4/4)">
                  <conditions>
                    <condition number="142" type="jump" coverage="100%" />
                    <condition number="168" type="jump" coverage="100%" />
                  </conditions>
                </line>
                <line number="78" hits="4" branch="True" condition-coverage="100% (2/2)">
                  <conditions>
                    <condition number="218" type="jump" coverage="100%" />
                  </conditions>
                </line>
                <line number="80" hits="2" branch="False" />
                <line number="81" hits="2" branch="False" />
              </lines>
            </method>
            <method name="DeleteAppointment" signature="(System.Guid)" line-rate="1" branch-rate="1" complexity="8">
              <lines>
                <line number="84" hits="4" branch="False" />
                <line number="85" hits="4" branch="False" />
                <line number="86" hits="4" branch="False" />
                <line number="87" hits="7" branch="False" />
                <line number="88" hits="4" branch="False" />
                <line number="89" hits="4" branch="True" condition-coverage="100% (2/2)">
                  <conditions>
                    <condition number="55" type="jump" coverage="100%" />
                  </conditions>
                </line>
                <line number="90" hits="4" branch="True" condition-coverage="100% (4/4)">
                  <conditions>
                    <condition number="92" type="jump" coverage="100%" />
                    <condition number="115" type="jump" coverage="100%" />
                  </conditions>
                </line>
                <line number="91" hits="1" branch="False" />
                <line number="92" hits="1" branch="False" />
                <line number="94" hits="3" branch="True" condition-coverage="100% (2/2)">
                  <conditions>
                    <condition number="137" type="jump" coverage="100%" />
                  </conditions>
                </line>
                <line number="95" hits="2" branch="False" />
                <line number="96" hits="2" branch="False" />
                <line number="97" hits="2" branch="False" />
                <line number="98" hits="2" branch="False" />
                <line number="99" hits="3" branch="False" />
                <line number="100" hits="3" branch="False" />
              </lines>
            </method>
            <method name="UpdateAppointmentConflictCheck" signature="(System.Guid,DisprzTraining.Models.AddAppointment)" line-rate="1" branch-rate="1" complexity="14">
              <lines>
                <line number="102" hits="5" branch="False" />
                <line number="103" hits="5" branch="False" />
                <line number="104" hits="5" branch="True" condition-coverage="100% (2/2)">
                  <conditions>
                    <condition number="21" type="jump" coverage="100%" />
                  </conditions>
                </line>
                <line number="105" hits="5" branch="False" />
                <line number="106" hits="28" branch="True" condition-coverage="100% (2/2)">
                  <conditions>
                    <condition number="208" type="jump" coverage="100%" />
                  </conditions>
                </line>
                <line number="107" hits="7" branch="False" />
                <line number="108" hits="9" branch="True" condition-coverage="100% (2/2)">
                  <conditions>
                    <condition number="65" type="jump" coverage="100%" />
                  </conditions>
                </line>
                <line number="109" hits="6" branch="True" condition-coverage="100% (8/8)">
                  <conditions>
                    <condition number="104" type="jump" coverage="100%" />
                    <condition number="128" type="jump" coverage="100%" />
                    <condition number="161" type="jump" coverage="100%" />
                    <condition number="192" type="jump" coverage="100%" />
                  </conditions>
                </line>
                <line number="110" hits="1" branch="False" />
                <line number="111" hits="1" branch="False" />
                <line number="114" hits="5" branch="False" />
                <line number="115" hits="4" branch="False" />
                <line number="116" hits="4" branch="False" />
                <line number="118" hits="5" branch="False" />
              </lines>
            </method>
            <method name="UpdateAppointment" signature="(System.Guid,DisprzTraining.Models.AddAppointment)" line-rate="1" branch-rate="0.9" complexity="20">
              <lines>
                <line number="120" hits="10" branch="False" />
                <line number="122" hits="11" branch="True" condition-coverage="100% (4/4)">
                  <conditions>
                    <condition number="32" type="jump" coverage="100%" />
                    <condition number="58" type="jump" coverage="100%" />
                  </conditions>
                </line>
                <line number="123" hits="12" branch="True" condition-coverage="100% (4/4)">
                  <conditions>
                    <condition number="86" type="jump" coverage="100%" />
                    <condition number="113" type="jump" coverage="100%" />
                  </conditions>
                </line>
                <line number="124" hits="7" branch="True" condition-coverage="100% (2/2)">
                  <conditions>
                    <condition number="165" type="jump" coverage="100%" />
                  </conditions>
                </line>
                <line number="126" hits="5" branch="False" />
                <line number="127" hits="5" branch="False" />
                <line number="128" hits="5" branch="True" condition-coverage="75% (3/4)">
                  <conditions>
                    <condition number="204" type="jump" coverage="50%" />
                    <condition number="227" type="jump" coverage="100%" />
                  </conditions>
                </line>
                <line number="129" hits="1" branch="False" />
                <line number="130" hits="1" branch="False" />
                <line number="133" hits="4" branch="False" />
                <line number="134" hits="4" branch="True" condition-coverage="100% (2/2)">
                  <conditions>
                    <condition number="262" type="jump" coverage="100%" />
                  </conditions>
                </line>
                <line number="135" hits="1" branch="False" />
                <line number="136" hits="1" branch="False" />
                <line number="138" hits="4" branch="True" condition-coverage="75% (3/4)">
                  <conditions>
                    <condition number="288" type="jump" coverage="50%" />
                    <condition number="311" type="jump" coverage="100%" />
                  </conditions>
                </line>
                <line number="139" hits="2" branch="False" />
                <line number="140" hits="2" branch="False" />
                <line number="141" hits="3" branch="False" />
              </lines>
            </method>
            <method name=".ctor" signature="(DisprzTraining.DataAccess.IAppointmentsDAL)" line-rate="1" branch-rate="1" complexity="1">
              <lines>
                <line number="15" hits="40" branch="False" />
                <line number="16" hits="40" branch="False" />
                <line number="17" hits="40" branch="False" />
                <line number="18" hits="40" branch="False" />
              </lines>
            </method>
          </methods>
          <lines>
            <line number="21" hits="4" branch="False" />
            <line number="22" hits="4" branch="False" />
            <line number="23" hits="16" branch="True" condition-coverage="100% (2/2)">
              <conditions>
                <condition number="207" type="jump" coverage="100%" />
              </conditions>
            </line>
            <line number="24" hits="2" branch="False" />
            <line number="25" hits="2" branch="False" />
            <line number="26" hits="2" branch="False" />
            <line number="27" hits="2" branch="False" />
            <line number="28" hits="2" branch="False" />
            <line number="29" hits="2" branch="False" />
            <line number="30" hits="2" branch="False" />
            <line number="31" hits="2" branch="False" />
            <line number="32" hits="2" branch="False" />
            <line number="33" hits="2" branch="False" />
            <line number="34" hits="2" branch="False" />
            <line number="36" hits="2" branch="False" />
            <line number="37" hits="4" branch="False" />
            <line number="38" hits="4" branch="False" />
            <line number="41" hits="8" branch="False" />
            <line number="43" hits="9" branch="True" condition-coverage="100% (4/4)">
              <conditions>
                <condition number="21" type="jump" coverage="100%" />
                <condition number="47" type="jump" coverage="100%" />
              </conditions>
            </line>
            <line number="45" hits="10" branch="True" condition-coverage="100% (4/4)">
              <conditions>
                <condition number="67" type="jump" coverage="100%" />
                <condition number="86" type="jump" coverage="100%" />
              </conditions>
            </line>
            <line number="46" hits="5" branch="True" condition-coverage="100% (2/2)">
              <conditions>
                <condition number="122" type="jump" coverage="100%" />
              </conditions>
            </line>
            <line number="48" hits="3" branch="False" />
            <line number="49" hits="3" branch="False" />
            <line number="50" hits="3" branch="False" />
            <line number="51" hits="3" branch="False" />
            <line number="54" hits="6" branch="False" />
            <line number="55" hits="6" branch="False" />
            <line number="57" hits="6" branch="False" />
            <line number="58" hits="6" branch="True" condition-coverage="100% (2/2)">
              <conditions>
                <condition number="23" type="jump" coverage="100%" />
              </conditions>
            </line>
            <line number="59" hits="6" branch="False" />
            <line number="60" hits="36" branch="True" condition-coverage="100% (2/2)">
              <conditions>
                <condition number="187" type="jump" coverage="100%" />
              </conditions>
            </line>
            <line number="61" hits="9" branch="False" />
            <line number="62" hits="9" branch="True" condition-coverage="100% (8/8)">
              <conditions>
                <condition number="84" type="jump" coverage="100%" />
                <condition number="108" type="jump" coverage="100%" />
                <condition number="142" type="jump" coverage="100%" />
                <condition number="173" type="jump" coverage="100%" />
              </conditions>
            </line>
            <line number="63" hits="1" branch="False" />
            <line number="64" hits="1" branch="False" />
            <line number="65" hits="1" branch="False" />
            <line number="66" hits="9" branch="False" />
            <line number="67" hits="6" branch="False" />
            <line number="69" hits="6" branch="False" />
            <line number="70" hits="6" branch="False" />
            <line number="72" hits="8" branch="False" />
            <line number="73" hits="8" branch="False" />
            <line number="75" hits="9" branch="True" condition-coverage="100% (4/4)">
              <conditions>
                <condition number="36" type="jump" coverage="100%" />
                <condition number="62" type="jump" coverage="100%" />
              </conditions>
            </line>
            <line number="76" hits="8" branch="True" condition-coverage="100% (4/4)">
              <conditions>
                <condition number="92" type="jump" coverage="100%" />
                <condition number="115" type="jump" coverage="100%" />
              </conditions>
            </line>
            <line number="77" hits="9" branch="True" condition-coverage="100% (4/4)">
              <conditions>
                <condition number="142" type="jump" coverage="100%" />
                <condition number="168" type="jump" coverage="100%" />
              </conditions>
            </line>
            <line number="78" hits="4" branch="True" condition-coverage="100% (2/2)">
              <conditions>
                <condition number="218" type="jump" coverage="100%" />
              </conditions>
            </line>
            <line number="80" hits="2" branch="False" />
            <line number="81" hits="2" branch="False" />
            <line number="84" hits="4" branch="False" />
            <line number="85" hits="4" branch="False" />
            <line number="86" hits="4" branch="False" />
            <line number="87" hits="7" branch="False" />
            <line number="88" hits="4" branch="False" />
            <line number="89" hits="4" branch="True" condition-coverage="100% (2/2)">
              <conditions>
                <condition number="55" type="jump" coverage="100%" />
              </conditions>
            </line>
            <line number="90" hits="4" branch="True" condition-coverage="100% (4/4)">
              <conditions>
                <condition number="92" type="jump" coverage="100%" />
                <condition number="115" type="jump" coverage="100%" />
              </conditions>
            </line>
            <line number="91" hits="1" branch="False" />
            <line number="92" hits="1" branch="False" />
            <line number="94" hits="3" branch="True" condition-coverage="100% (2/2)">
              <conditions>
                <condition number="137" type="jump" coverage="100%" />
              </conditions>
            </line>
            <line number="95" hits="2" branch="False" />
            <line number="96" hits="2" branch="False" />
            <line number="97" hits="2" branch="False" />
            <line number="98" hits="2" branch="False" />
            <line number="99" hits="3" branch="False" />
            <line number="100" hits="3" branch="False" />
            <line number="102" hits="5" branch="False" />
            <line number="103" hits="5" branch="False" />
            <line number="104" hits="5" branch="True" condition-coverage="100% (2/2)">
              <conditions>
                <condition number="21" type="jump" coverage="100%" />
              </conditions>
            </line>
            <line number="105" hits="5" branch="False" />
            <line number="106" hits="28" branch="True" condition-coverage="100% (2/2)">
              <conditions>
                <condition number="208" type="jump" coverage="100%" />
              </conditions>
            </line>
            <line number="107" hits="7" branch="False" />
            <line number="108" hits="9" branch="True" condition-coverage="100% (2/2)">
              <conditions>
                <condition number="65" type="jump" coverage="100%" />
              </conditions>
            </line>
            <line number="109" hits="6" branch="True" condition-coverage="100% (8/8)">
              <conditions>
                <condition number="104" type="jump" coverage="100%" />
                <condition number="128" type="jump" coverage="100%" />
                <condition number="161" type="jump" coverage="100%" />
                <condition number="192" type="jump" coverage="100%" />
              </conditions>
            </line>
            <line number="110" hits="1" branch="False" />
            <line number="111" hits="1" branch="False" />
            <line number="114" hits="5" branch="False" />
            <line number="115" hits="4" branch="False" />
            <line number="116" hits="4" branch="False" />
            <line number="118" hits="5" branch="False" />
            <line number="120" hits="10" branch="False" />
            <line number="122" hits="11" branch="True" condition-coverage="100% (4/4)">
              <conditions>
                <condition number="32" type="jump" coverage="100%" />
                <condition number="58" type="jump" coverage="100%" />
              </conditions>
            </line>
            <line number="123" hits="12" branch="True" condition-coverage="100% (4/4)">
              <conditions>
                <condition number="86" type="jump" coverage="100%" />
                <condition number="113" type="jump" coverage="100%" />
              </conditions>
            </line>
            <line number="124" hits="7" branch="True" condition-coverage="100% (2/2)">
              <conditions>
                <condition number="165" type="jump" coverage="100%" />
              </conditions>
            </line>
            <line number="126" hits="5" branch="False" />
            <line number="127" hits="5" branch="False" />
            <line number="128" hits="5" branch="True" condition-coverage="75% (3/4)">
              <conditions>
                <condition number="204" type="jump" coverage="50%" />
                <condition number="227" type="jump" coverage="100%" />
              </conditions>
            </line>
            <line number="129" hits="1" branch="False" />
            <line number="130" hits="1" branch="False" />
            <line number="133" hits="4" branch="False" />
            <line number="134" hits="4" branch="True" condition-coverage="100% (2/2)">
              <conditions>
                <condition number="262" type="jump" coverage="100%" />
              </conditions>
            </line>
            <line number="135" hits="1" branch="False" />
            <line number="136" hits="1" branch="False" />
            <line number="138" hits="4" branch="True" condition-coverage="75% (3/4)">
              <conditions>
                <condition number="288" type="jump" coverage="50%" />
                <condition number="311" type="jump" coverage="100%" />
              </conditions>
            </line>
            <line number="139" hits="2" branch="False" />
            <line number="140" hits="2" branch="False" />
            <line number="141" hits="3" branch="False" />
            <line number="15" hits="40" branch="False" />
            <line number="16" hits="40" branch="False" />
            <line number="17" hits="40" branch="False" />
            <line number="18" hits="40" branch="False" />
          </lines>
        </class>
      </classes>
    </package>
  </packages>
</coverage>